Analysis & Synthesis report for spacewire
Thu Sep 21 12:31:30 2023
Quartus II 64-Bit Version 13.0.1 Build 232 06/12/2013 Service Pack 1 SJ Web Edition


---------------------
; Table of Contents ;
---------------------
  1. Legal Notice
  2. Analysis & Synthesis Summary
  3. Analysis & Synthesis Settings
  4. Parallel Compilation
  5. Analysis & Synthesis Source Files Read
  6. Analysis & Synthesis Resource Usage Summary
  7. Analysis & Synthesis Resource Utilization by Entity
  8. Analysis & Synthesis RAM Summary
  9. Analysis & Synthesis IP Cores Summary
 10. State Machine - |spacewire|spwstream:inst1|spwlink:link_inst|r.state
 11. State Machine - |spacewire|spwstream:inst|spwlink:link_inst|r.state
 12. Registers Removed During Synthesis
 13. Removed Registers Triggering Further Register Optimizations
 14. General Register Statistics
 15. Inverted Register Statistics
 16. Registers Packed Into Inferred Megafunctions
 17. Multiplexer Restructuring Statistics (Restructuring Performed)
 18. Source assignments for spwstream:inst1|spwram:rxmem|altsyncram:s_mem_rtl_0|altsyncram_23h1:auto_generated
 19. Source assignments for spwstream:inst|spwram:txmem|altsyncram:s_mem_rtl_0|altsyncram_6fg1:auto_generated
 20. Parameter Settings for User Entity Instance: spwstream:inst
 21. Parameter Settings for User Entity Instance: spwstream:inst|spwlink:link_inst
 22. Parameter Settings for User Entity Instance: spwstream:inst|spwrecv:recv_inst
 23. Parameter Settings for User Entity Instance: spwstream:inst|spwram:rxmem
 24. Parameter Settings for User Entity Instance: spwstream:inst|spwram:txmem
 25. Parameter Settings for User Entity Instance: spwstream:inst1
 26. Parameter Settings for User Entity Instance: spwstream:inst1|spwlink:link_inst
 27. Parameter Settings for User Entity Instance: spwstream:inst1|spwrecv:recv_inst
 28. Parameter Settings for User Entity Instance: spwstream:inst1|spwram:rxmem
 29. Parameter Settings for User Entity Instance: spwstream:inst1|spwram:txmem
 30. Parameter Settings for User Entity Instance: lpm_constant0:inst3|lpm_constant:LPM_CONSTANT_component
 31. Parameter Settings for User Entity Instance: lpm_constant0:inst5|lpm_constant:LPM_CONSTANT_component
 32. Parameter Settings for User Entity Instance: lpm_constant0:inst2|lpm_constant:LPM_CONSTANT_component
 33. Parameter Settings for Inferred Entity Instance: spwstream:inst1|spwram:rxmem|altsyncram:s_mem_rtl_0
 34. Parameter Settings for Inferred Entity Instance: spwstream:inst|spwram:txmem|altsyncram:s_mem_rtl_0
 35. altsyncram Parameter Settings by Entity Instance
 36. Port Connectivity Checks: "spwstream:inst|spwram:txmem"
 37. Port Connectivity Checks: "spwstream:inst|spwram:rxmem"
 38. Elapsed Time Per Partition
 39. Analysis & Synthesis Messages



----------------
; Legal Notice ;
----------------
Copyright (C) 1991-2013 Altera Corporation
Your use of Altera Corporation's design tools, logic functions 
and other software and tools, and its AMPP partner logic 
functions, and any output files from any of the foregoing 
(including device programming or simulation files), and any 
associated documentation or information are expressly subject 
to the terms and conditions of the Altera Program License 
Subscription Agreement, Altera MegaCore Function License 
Agreement, or other applicable license agreement, including, 
without limitation, that your use is for the sole purpose of 
programming logic devices manufactured by Altera and sold by 
Altera or its authorized distributors.  Please refer to the 
applicable agreement for further details.



+--------------------------------------------------------------------------------------+
; Analysis & Synthesis Summary                                                         ;
+------------------------------------+-------------------------------------------------+
; Analysis & Synthesis Status        ; Successful - Thu Sep 21 12:31:30 2023           ;
; Quartus II 64-Bit Version          ; 13.0.1 Build 232 06/12/2013 SP 1 SJ Web Edition ;
; Revision Name                      ; spacewire                                       ;
; Top-level Entity Name              ; spacewire                                       ;
; Family                             ; Cyclone IV E                                    ;
; Total logic elements               ; 627                                             ;
;     Total combinational functions  ; 601                                             ;
;     Dedicated logic registers      ; 321                                             ;
; Total registers                    ; 321                                             ;
; Total pins                         ; 33                                              ;
; Total virtual pins                 ; 0                                               ;
; Total memory bits                  ; 34,816                                          ;
; Embedded Multiplier 9-bit elements ; 0                                               ;
; Total PLLs                         ; 0                                               ;
+------------------------------------+-------------------------------------------------+


+----------------------------------------------------------------------------------------------------------------------+
; Analysis & Synthesis Settings                                                                                        ;
+----------------------------------------------------------------------------+--------------------+--------------------+
; Option                                                                     ; Setting            ; Default Value      ;
+----------------------------------------------------------------------------+--------------------+--------------------+
; Device                                                                     ; EP4CE22F17C6       ;                    ;
; Top-level entity name                                                      ; spacewire          ; spacewire          ;
; Family name                                                                ; Cyclone IV E       ; Cyclone IV GX      ;
; Use smart compilation                                                      ; Off                ; Off                ;
; Enable parallel Assembler and TimeQuest Timing Analyzer during compilation ; On                 ; On                 ;
; Enable compact report table                                                ; Off                ; Off                ;
; Restructure Multiplexers                                                   ; Auto               ; Auto               ;
; Create Debugging Nodes for IP Cores                                        ; Off                ; Off                ;
; Preserve fewer node names                                                  ; On                 ; On                 ;
; Disable OpenCore Plus hardware evaluation                                  ; Off                ; Off                ;
; Verilog Version                                                            ; Verilog_2001       ; Verilog_2001       ;
; VHDL Version                                                               ; VHDL_1993          ; VHDL_1993          ;
; State Machine Processing                                                   ; Auto               ; Auto               ;
; Safe State Machine                                                         ; Off                ; Off                ;
; Extract Verilog State Machines                                             ; On                 ; On                 ;
; Extract VHDL State Machines                                                ; On                 ; On                 ;
; Ignore Verilog initial constructs                                          ; Off                ; Off                ;
; Iteration limit for constant Verilog loops                                 ; 5000               ; 5000               ;
; Iteration limit for non-constant Verilog loops                             ; 250                ; 250                ;
; Add Pass-Through Logic to Inferred RAMs                                    ; On                 ; On                 ;
; Infer RAMs from Raw Logic                                                  ; On                 ; On                 ;
; Parallel Synthesis                                                         ; On                 ; On                 ;
; DSP Block Balancing                                                        ; Auto               ; Auto               ;
; NOT Gate Push-Back                                                         ; On                 ; On                 ;
; Power-Up Don't Care                                                        ; On                 ; On                 ;
; Remove Redundant Logic Cells                                               ; Off                ; Off                ;
; Remove Duplicate Registers                                                 ; On                 ; On                 ;
; Ignore CARRY Buffers                                                       ; Off                ; Off                ;
; Ignore CASCADE Buffers                                                     ; Off                ; Off                ;
; Ignore GLOBAL Buffers                                                      ; Off                ; Off                ;
; Ignore ROW GLOBAL Buffers                                                  ; Off                ; Off                ;
; Ignore LCELL Buffers                                                       ; Off                ; Off                ;
; Ignore SOFT Buffers                                                        ; On                 ; On                 ;
; Limit AHDL Integers to 32 Bits                                             ; Off                ; Off                ;
; Optimization Technique                                                     ; Balanced           ; Balanced           ;
; Carry Chain Length                                                         ; 70                 ; 70                 ;
; Auto Carry Chains                                                          ; On                 ; On                 ;
; Auto Open-Drain Pins                                                       ; On                 ; On                 ;
; Perform WYSIWYG Primitive Resynthesis                                      ; Off                ; Off                ;
; Auto ROM Replacement                                                       ; On                 ; On                 ;
; Auto RAM Replacement                                                       ; On                 ; On                 ;
; Auto DSP Block Replacement                                                 ; On                 ; On                 ;
; Auto Shift Register Replacement                                            ; Auto               ; Auto               ;
; Allow Shift Register Merging across Hierarchies                            ; Auto               ; Auto               ;
; Auto Clock Enable Replacement                                              ; On                 ; On                 ;
; Strict RAM Replacement                                                     ; Off                ; Off                ;
; Allow Synchronous Control Signals                                          ; On                 ; On                 ;
; Force Use of Synchronous Clear Signals                                     ; Off                ; Off                ;
; Auto RAM Block Balancing                                                   ; On                 ; On                 ;
; Auto RAM to Logic Cell Conversion                                          ; Off                ; Off                ;
; Auto Resource Sharing                                                      ; Off                ; Off                ;
; Allow Any RAM Size For Recognition                                         ; Off                ; Off                ;
; Allow Any ROM Size For Recognition                                         ; Off                ; Off                ;
; Allow Any Shift Register Size For Recognition                              ; Off                ; Off                ;
; Use LogicLock Constraints during Resource Balancing                        ; On                 ; On                 ;
; Ignore translate_off and synthesis_off directives                          ; Off                ; Off                ;
; Timing-Driven Synthesis                                                    ; On                 ; On                 ;
; Report Parameter Settings                                                  ; On                 ; On                 ;
; Report Source Assignments                                                  ; On                 ; On                 ;
; Report Connectivity Checks                                                 ; On                 ; On                 ;
; Ignore Maximum Fan-Out Assignments                                         ; Off                ; Off                ;
; Synchronization Register Chain Length                                      ; 2                  ; 2                  ;
; PowerPlay Power Optimization                                               ; Normal compilation ; Normal compilation ;
; HDL message level                                                          ; Level2             ; Level2             ;
; Suppress Register Optimization Related Messages                            ; Off                ; Off                ;
; Number of Removed Registers Reported in Synthesis Report                   ; 5000               ; 5000               ;
; Number of Swept Nodes Reported in Synthesis Report                         ; 5000               ; 5000               ;
; Number of Inverted Registers Reported in Synthesis Report                  ; 100                ; 100                ;
; Clock MUX Protection                                                       ; On                 ; On                 ;
; Auto Gated Clock Conversion                                                ; Off                ; Off                ;
; Block Design Naming                                                        ; Auto               ; Auto               ;
; SDC constraint protection                                                  ; Off                ; Off                ;
; Synthesis Effort                                                           ; Auto               ; Auto               ;
; Shift Register Replacement - Allow Asynchronous Clear Signal               ; On                 ; On                 ;
; Pre-Mapping Resynthesis Optimization                                       ; Off                ; Off                ;
; Analysis & Synthesis Message Level                                         ; Medium             ; Medium             ;
; Disable Register Merging Across Hierarchies                                ; Auto               ; Auto               ;
; Resource Aware Inference For Block RAM                                     ; On                 ; On                 ;
; Synthesis Seed                                                             ; 1                  ; 1                  ;
+----------------------------------------------------------------------------+--------------------+--------------------+


Parallel compilation was disabled, but you have multiple processors available. Enable parallel compilation to reduce compilation time.
+-------------------------------------+
; Parallel Compilation                ;
+----------------------------+--------+
; Processors                 ; Number ;
+----------------------------+--------+
; Number detected on machine ; 5      ;
; Maximum allowed            ; 1      ;
+----------------------------+--------+


+---------------------------------------------------------------------------------------------------------------------------------------------------------------------------------------+
; Analysis & Synthesis Source Files Read                                                                                                                                                ;
+----------------------------------+-----------------+------------------------------------+-----------------------------------------------------------------------------------+---------+
; File Name with User-Entered Path ; Used in Netlist ; File Type                          ; File Name with Absolute Path                                                      ; Library ;
+----------------------------------+-----------------+------------------------------------+-----------------------------------------------------------------------------------+---------+
; DFF8bit.vhd                      ; yes             ; User VHDL File                     ; /home/quartus/SpaceWire/DFF8bit.vhd                                               ;         ;
; spwpkg.vhd                       ; yes             ; User VHDL File                     ; /home/quartus/SpaceWire/spwpkg.vhd                                                ;         ;
; spwlink.vhd                      ; yes             ; User VHDL File                     ; /home/quartus/SpaceWire/spwlink.vhd                                               ;         ;
; spwrecvfront_generic.vhd         ; yes             ; User VHDL File                     ; /home/quartus/SpaceWire/spwrecvfront_generic.vhd                                  ;         ;
; spwxmit.vhd                      ; yes             ; User VHDL File                     ; /home/quartus/SpaceWire/spwxmit.vhd                                               ;         ;
; spwram.vhd                       ; yes             ; User VHDL File                     ; /home/quartus/SpaceWire/spwram.vhd                                                ;         ;
; spwstream.vhd                    ; yes             ; User VHDL File                     ; /home/quartus/SpaceWire/spwstream.vhd                                             ;         ;
; spwrecv.vhd                      ; yes             ; User VHDL File                     ; /home/quartus/SpaceWire/spwrecv.vhd                                               ;         ;
; spacewire.bdf                    ; yes             ; User Block Diagram/Schematic File  ; /home/quartus/SpaceWire/spacewire.bdf                                             ;         ;
; lpm_constant0.vhd                ; yes             ; User Wizard-Generated File         ; /home/quartus/SpaceWire/lpm_constant0.vhd                                         ;         ;
; lpm_constant.tdf                 ; yes             ; Megafunction                       ; /opt/quartus/altera/13.0sp1/quartus/libraries/megafunctions/lpm_constant.tdf      ;         ;
; altsyncram.tdf                   ; yes             ; Megafunction                       ; /opt/quartus/altera/13.0sp1/quartus/libraries/megafunctions/altsyncram.tdf        ;         ;
; stratix_ram_block.inc            ; yes             ; Megafunction                       ; /opt/quartus/altera/13.0sp1/quartus/libraries/megafunctions/stratix_ram_block.inc ;         ;
; lpm_mux.inc                      ; yes             ; Megafunction                       ; /opt/quartus/altera/13.0sp1/quartus/libraries/megafunctions/lpm_mux.inc           ;         ;
; lpm_decode.inc                   ; yes             ; Megafunction                       ; /opt/quartus/altera/13.0sp1/quartus/libraries/megafunctions/lpm_decode.inc        ;         ;
; aglobal130.inc                   ; yes             ; Megafunction                       ; /opt/quartus/altera/13.0sp1/quartus/libraries/megafunctions/aglobal130.inc        ;         ;
; a_rdenreg.inc                    ; yes             ; Megafunction                       ; /opt/quartus/altera/13.0sp1/quartus/libraries/megafunctions/a_rdenreg.inc         ;         ;
; altrom.inc                       ; yes             ; Megafunction                       ; /opt/quartus/altera/13.0sp1/quartus/libraries/megafunctions/altrom.inc            ;         ;
; altram.inc                       ; yes             ; Megafunction                       ; /opt/quartus/altera/13.0sp1/quartus/libraries/megafunctions/altram.inc            ;         ;
; altdpram.inc                     ; yes             ; Megafunction                       ; /opt/quartus/altera/13.0sp1/quartus/libraries/megafunctions/altdpram.inc          ;         ;
; db/altsyncram_23h1.tdf           ; yes             ; Auto-Generated Megafunction        ; /home/quartus/SpaceWire/db/altsyncram_23h1.tdf                                    ;         ;
; db/altsyncram_6fg1.tdf           ; yes             ; Auto-Generated Megafunction        ; /home/quartus/SpaceWire/db/altsyncram_6fg1.tdf                                    ;         ;
+----------------------------------+-----------------+------------------------------------+-----------------------------------------------------------------------------------+---------+


+---------------------------------------------------------+
; Analysis & Synthesis Resource Usage Summary             ;
+---------------------------------------------+-----------+
; Resource                                    ; Usage     ;
+---------------------------------------------+-----------+
; Estimated Total logic elements              ; 627       ;
;                                             ;           ;
; Total combinational functions               ; 601       ;
; Logic element usage by number of LUT inputs ;           ;
;     -- 4 input functions                    ; 249       ;
;     -- 3 input functions                    ; 130       ;
;     -- <=2 input functions                  ; 222       ;
;                                             ;           ;
; Logic elements by mode                      ;           ;
;     -- normal mode                          ; 433       ;
;     -- arithmetic mode                      ; 168       ;
;                                             ;           ;
; Total registers                             ; 321       ;
;     -- Dedicated logic registers            ; 321       ;
;     -- I/O registers                        ; 0         ;
;                                             ;           ;
; I/O pins                                    ; 33        ;
; Total memory bits                           ; 34816     ;
; Embedded Multiplier 9-bit elements          ; 0         ;
; Maximum fan-out node                        ; CLK~input ;
; Maximum fan-out                             ; 330       ;
; Total fan-out                               ; 3131      ;
; Average fan-out                             ; 3.12      ;
+---------------------------------------------+-----------+


+------------------------------------------------------------------------------------------------------------------------------------------------------------------------------------------------------------------------------------------------------------------------------------------------+
; Analysis & Synthesis Resource Utilization by Entity                                                                                                                                                                                                                                            ;
+---------------------------------------------------------------------+-------------------+--------------+-------------+--------------+---------+-----------+------+--------------+-----------------------------------------------------------------------------------------------+--------------+
; Compilation Hierarchy Node                                          ; LC Combinationals ; LC Registers ; Memory Bits ; DSP Elements ; DSP 9x9 ; DSP 18x18 ; Pins ; Virtual Pins ; Full Hierarchy Name                                                                           ; Library Name ;
+---------------------------------------------------------------------+-------------------+--------------+-------------+--------------+---------+-----------+------+--------------+-----------------------------------------------------------------------------------------------+--------------+
; |spacewire                                                          ; 601 (1)           ; 321 (0)      ; 34816       ; 0            ; 0       ; 0         ; 33   ; 0            ; |spacewire                                                                                    ; work         ;
;    |DFF8bit:inst4|                                                  ; 0 (0)             ; 8 (8)        ; 0           ; 0            ; 0       ; 0         ; 0    ; 0            ; |spacewire|DFF8bit:inst4                                                                      ; work         ;
;    |spwstream:inst1|                                                ; 316 (96)          ; 159 (47)     ; 18432       ; 0            ; 0       ; 0         ; 0    ; 0            ; |spacewire|spwstream:inst1                                                                    ; work         ;
;       |spwlink:link_inst|                                           ; 104 (104)         ; 32 (32)      ; 0           ; 0            ; 0       ; 0         ; 0    ; 0            ; |spacewire|spwstream:inst1|spwlink:link_inst                                                  ; work         ;
;       |spwram:rxmem|                                                ; 0 (0)             ; 0 (0)        ; 18432       ; 0            ; 0       ; 0         ; 0    ; 0            ; |spacewire|spwstream:inst1|spwram:rxmem                                                       ; work         ;
;          |altsyncram:s_mem_rtl_0|                                   ; 0 (0)             ; 0 (0)        ; 18432       ; 0            ; 0       ; 0         ; 0    ; 0            ; |spacewire|spwstream:inst1|spwram:rxmem|altsyncram:s_mem_rtl_0                                ; work         ;
;             |altsyncram_23h1:auto_generated|                        ; 0 (0)             ; 0 (0)        ; 18432       ; 0            ; 0       ; 0         ; 0    ; 0            ; |spacewire|spwstream:inst1|spwram:rxmem|altsyncram:s_mem_rtl_0|altsyncram_23h1:auto_generated ; work         ;
;       |spwrecv:recv_inst|                                           ; 62 (62)           ; 46 (46)      ; 0           ; 0            ; 0       ; 0         ; 0    ; 0            ; |spacewire|spwstream:inst1|spwrecv:recv_inst                                                  ; work         ;
;       |spwrecvfront_generic:\recvfront_sel0:recvfront_generic_inst| ; 1 (1)             ; 7 (7)        ; 0           ; 0            ; 0       ; 0         ; 0    ; 0            ; |spacewire|spwstream:inst1|spwrecvfront_generic:\recvfront_sel0:recvfront_generic_inst        ; work         ;
;       |spwxmit:\xmit_sel0:xmit_inst|                                ; 53 (53)           ; 27 (27)      ; 0           ; 0            ; 0       ; 0         ; 0    ; 0            ; |spacewire|spwstream:inst1|spwxmit:\xmit_sel0:xmit_inst                                       ; work         ;
;    |spwstream:inst|                                                 ; 284 (71)          ; 154 (46)     ; 16384       ; 0            ; 0       ; 0         ; 0    ; 0            ; |spacewire|spwstream:inst                                                                     ; work         ;
;       |spwlink:link_inst|                                           ; 102 (102)         ; 32 (32)      ; 0           ; 0            ; 0       ; 0         ; 0    ; 0            ; |spacewire|spwstream:inst|spwlink:link_inst                                                   ; work         ;
;       |spwram:txmem|                                                ; 0 (0)             ; 0 (0)        ; 16384       ; 0            ; 0       ; 0         ; 0    ; 0            ; |spacewire|spwstream:inst|spwram:txmem                                                        ; work         ;
;          |altsyncram:s_mem_rtl_0|                                   ; 0 (0)             ; 0 (0)        ; 16384       ; 0            ; 0       ; 0         ; 0    ; 0            ; |spacewire|spwstream:inst|spwram:txmem|altsyncram:s_mem_rtl_0                                 ; work         ;
;             |altsyncram_6fg1:auto_generated|                        ; 0 (0)             ; 0 (0)        ; 16384       ; 0            ; 0       ; 0         ; 0    ; 0            ; |spacewire|spwstream:inst|spwram:txmem|altsyncram:s_mem_rtl_0|altsyncram_6fg1:auto_generated  ; work         ;
;       |spwrecv:recv_inst|                                           ; 52 (52)           ; 38 (38)      ; 0           ; 0            ; 0       ; 0         ; 0    ; 0            ; |spacewire|spwstream:inst|spwrecv:recv_inst                                                   ; work         ;
;       |spwrecvfront_generic:\recvfront_sel0:recvfront_generic_inst| ; 1 (1)             ; 7 (7)        ; 0           ; 0            ; 0       ; 0         ; 0    ; 0            ; |spacewire|spwstream:inst|spwrecvfront_generic:\recvfront_sel0:recvfront_generic_inst         ; work         ;
;       |spwxmit:\xmit_sel0:xmit_inst|                                ; 58 (58)           ; 31 (31)      ; 0           ; 0            ; 0       ; 0         ; 0    ; 0            ; |spacewire|spwstream:inst|spwxmit:\xmit_sel0:xmit_inst                                        ; work         ;
+---------------------------------------------------------------------+-------------------+--------------+-------------+--------------+---------+-----------+------+--------------+-----------------------------------------------------------------------------------------------+--------------+
Note: For table entries with two numbers listed, the numbers in parentheses indicate the number of resources of the given type used by the specific entity alone. The numbers listed outside of parentheses indicate the total resources of the given type used by the specific entity and all of its sub-entities in the hierarchy.


+----------------------------------------------------------------------------------------------------------------------------------------------------------------------------------------------------+
; Analysis & Synthesis RAM Summary                                                                                                                                                                   ;
+-----------------------------------------------------------------------------------------------+------+------------------+--------------+--------------+--------------+--------------+-------+------+
; Name                                                                                          ; Type ; Mode             ; Port A Depth ; Port A Width ; Port B Depth ; Port B Width ; Size  ; MIF  ;
+-----------------------------------------------------------------------------------------------+------+------------------+--------------+--------------+--------------+--------------+-------+------+
; spwstream:inst1|spwram:rxmem|altsyncram:s_mem_rtl_0|altsyncram_23h1:auto_generated|ALTSYNCRAM ; AUTO ; Simple Dual Port ; 2048         ; 9            ; 2048         ; 9            ; 18432 ; None ;
; spwstream:inst|spwram:txmem|altsyncram:s_mem_rtl_0|altsyncram_6fg1:auto_generated|ALTSYNCRAM  ; AUTO ; Simple Dual Port ; 2048         ; 8            ; 2048         ; 8            ; 16384 ; None ;
+-----------------------------------------------------------------------------------------------+------+------------------+--------------+--------------+--------------+--------------+-------+------+


+--------------------------------------------------------------------------------------------------------------------------------------------+
; Analysis & Synthesis IP Cores Summary                                                                                                      ;
+--------+--------------+---------+--------------+--------------+--------------------------------+-------------------------------------------+
; Vendor ; IP Core Name ; Version ; Release Date ; License Type ; Entity Instance                ; IP Include File                           ;
+--------+--------------+---------+--------------+--------------+--------------------------------+-------------------------------------------+
; Altera ; LPM_CONSTANT ; 13.0    ; N/A          ; N/A          ; |spacewire|lpm_constant0:inst2 ; /home/quartus/SpaceWire/lpm_constant0.vhd ;
; Altera ; LPM_CONSTANT ; 13.0    ; N/A          ; N/A          ; |spacewire|lpm_constant0:inst3 ; /home/quartus/SpaceWire/lpm_constant0.vhd ;
; Altera ; LPM_CONSTANT ; 13.0    ; N/A          ; N/A          ; |spacewire|lpm_constant0:inst5 ; /home/quartus/SpaceWire/lpm_constant0.vhd ;
+--------+--------------+---------+--------------+--------------+--------------------------------+-------------------------------------------+


Encoding Type:  One-Hot
+------------------------------------------------------------------------------------------------------------------------------------------------+
; State Machine - |spacewire|spwstream:inst1|spwlink:link_inst|r.state                                                                           ;
+----------------------+---------------+----------------------+-------------------+-----------------+---------------------+----------------------+
; Name                 ; r.state.S_Run ; r.state.S_Connecting ; r.state.S_Started ; r.state.S_Ready ; r.state.S_ErrorWait ; r.state.S_ErrorReset ;
+----------------------+---------------+----------------------+-------------------+-----------------+---------------------+----------------------+
; r.state.S_ErrorReset ; 0             ; 0                    ; 0                 ; 0               ; 0                   ; 0                    ;
; r.state.S_ErrorWait  ; 0             ; 0                    ; 0                 ; 0               ; 1                   ; 1                    ;
; r.state.S_Ready      ; 0             ; 0                    ; 0                 ; 1               ; 0                   ; 1                    ;
; r.state.S_Started    ; 0             ; 0                    ; 1                 ; 0               ; 0                   ; 1                    ;
; r.state.S_Connecting ; 0             ; 1                    ; 0                 ; 0               ; 0                   ; 1                    ;
; r.state.S_Run        ; 1             ; 0                    ; 0                 ; 0               ; 0                   ; 1                    ;
+----------------------+---------------+----------------------+-------------------+-----------------+---------------------+----------------------+


Encoding Type:  One-Hot
+------------------------------------------------------------------------------------------------------------------------------------------------+
; State Machine - |spacewire|spwstream:inst|spwlink:link_inst|r.state                                                                            ;
+----------------------+---------------+----------------------+-------------------+-----------------+---------------------+----------------------+
; Name                 ; r.state.S_Run ; r.state.S_Connecting ; r.state.S_Started ; r.state.S_Ready ; r.state.S_ErrorWait ; r.state.S_ErrorReset ;
+----------------------+---------------+----------------------+-------------------+-----------------+---------------------+----------------------+
; r.state.S_ErrorReset ; 0             ; 0                    ; 0                 ; 0               ; 0                   ; 0                    ;
; r.state.S_ErrorWait  ; 0             ; 0                    ; 0                 ; 0               ; 1                   ; 1                    ;
; r.state.S_Ready      ; 0             ; 0                    ; 0                 ; 1               ; 0                   ; 1                    ;
; r.state.S_Started    ; 0             ; 0                    ; 1                 ; 0               ; 0                   ; 1                    ;
; r.state.S_Connecting ; 0             ; 1                    ; 0                 ; 0               ; 0                   ; 1                    ;
; r.state.S_Run        ; 1             ; 0                    ; 0                 ; 0               ; 0                   ; 1                    ;
+----------------------+---------------+----------------------+-------------------+-----------------+---------------------+----------------------+


+----------------------------------------------------------------------------------------------------------------+
; Registers Removed During Synthesis                                                                             ;
+---------------------------------------------------------------+------------------------------------------------+
; Register name                                                 ; Reason for Removal                             ;
+---------------------------------------------------------------+------------------------------------------------+
; spwstream:inst|r.rxfifo_rvalid                                ; Lost fanout                                    ;
; spwstream:inst1|spwram:txmem|rdata[0..8]                      ; Stuck at GND due to stuck port data_in         ;
; spwstream:inst|spwram:txmem|rdata[8]                          ; Stuck at GND due to stuck port data_in         ;
; spwstream:inst|spwxmit:\xmit_sel0:xmit_inst|r.pend_time[4]    ; Merged with spwstream:inst1|r.txfifo_waddr[10] ;
; spwstream:inst1|spwxmit:\xmit_sel0:xmit_inst|r.pend_time[5,7] ; Merged with spwstream:inst1|r.txfifo_waddr[10] ;
; spwstream:inst|r.rxfifo_raddr[4]                              ; Merged with spwstream:inst1|r.txfifo_waddr[10] ;
; spwstream:inst1|spwxmit:\xmit_sel0:xmit_inst|r.pend_time[2]   ; Merged with spwstream:inst1|r.txfifo_waddr[10] ;
; spwstream:inst1|r.txfifo_waddr[0,2,9]                         ; Merged with spwstream:inst1|r.txfifo_waddr[10] ;
; spwstream:inst|r.rxfifo_raddr[10]                             ; Merged with spwstream:inst1|r.txfifo_waddr[10] ;
; spwstream:inst|spwxmit:\xmit_sel0:xmit_inst|r.pend_time[0,6]  ; Merged with spwstream:inst1|r.txfifo_waddr[10] ;
; spwstream:inst|r.rxfifo_raddr[5]                              ; Merged with spwstream:inst1|r.txfifo_waddr[10] ;
; spwstream:inst1|spwxmit:\xmit_sel0:xmit_inst|r.pend_time[4]   ; Merged with spwstream:inst1|r.txfifo_waddr[10] ;
; spwstream:inst|r.rxfifo_raddr[1]                              ; Merged with spwstream:inst1|r.txfifo_waddr[10] ;
; spwstream:inst1|r.txfifo_waddr[5]                             ; Merged with spwstream:inst1|r.txfifo_waddr[10] ;
; spwstream:inst1|spwxmit:\xmit_sel0:xmit_inst|r.pend_time[6]   ; Merged with spwstream:inst1|r.txfifo_waddr[10] ;
; spwstream:inst1|r.txfifo_waddr[7]                             ; Merged with spwstream:inst1|r.txfifo_waddr[10] ;
; spwstream:inst|r.rxfifo_raddr[9]                              ; Merged with spwstream:inst1|r.txfifo_waddr[10] ;
; spwstream:inst|spwxmit:\xmit_sel0:xmit_inst|r.pend_time[7]    ; Merged with spwstream:inst1|r.txfifo_waddr[10] ;
; spwstream:inst|r.rxfifo_raddr[3,8]                            ; Merged with spwstream:inst1|r.txfifo_waddr[10] ;
; spwstream:inst|spwxmit:\xmit_sel0:xmit_inst|r.pend_time[1,5]  ; Merged with spwstream:inst1|r.txfifo_waddr[10] ;
; spwstream:inst1|r.txfifo_waddr[3]                             ; Merged with spwstream:inst1|r.txfifo_waddr[10] ;
; spwstream:inst|r.rxfifo_raddr[0,6]                            ; Merged with spwstream:inst1|r.txfifo_waddr[10] ;
; spwstream:inst|spwxmit:\xmit_sel0:xmit_inst|r.pend_time[3]    ; Merged with spwstream:inst1|r.txfifo_waddr[10] ;
; spwstream:inst1|spwxmit:\xmit_sel0:xmit_inst|r.pend_time[0]   ; Merged with spwstream:inst1|r.txfifo_waddr[10] ;
; spwstream:inst|r.rxfifo_raddr[7]                              ; Merged with spwstream:inst1|r.txfifo_waddr[10] ;
; spwstream:inst1|r.txfifo_waddr[6]                             ; Merged with spwstream:inst1|r.txfifo_waddr[10] ;
; spwstream:inst1|spwxmit:\xmit_sel0:xmit_inst|r.pend_time[3]   ; Merged with spwstream:inst1|r.txfifo_waddr[10] ;
; spwstream:inst|r.rxfifo_raddr[2]                              ; Merged with spwstream:inst1|r.txfifo_waddr[10] ;
; spwstream:inst1|r.txfifo_waddr[1,8]                           ; Merged with spwstream:inst1|r.txfifo_waddr[10] ;
; spwstream:inst1|spwxmit:\xmit_sel0:xmit_inst|r.pend_time[1]   ; Merged with spwstream:inst1|r.txfifo_waddr[10] ;
; spwstream:inst|spwxmit:\xmit_sel0:xmit_inst|r.pend_time[2]    ; Merged with spwstream:inst1|r.txfifo_waddr[10] ;
; spwstream:inst1|r.txfifo_waddr[4]                             ; Merged with spwstream:inst1|r.txfifo_waddr[10] ;
; spwstream:inst1|r.txfifo_waddr[10]                            ; Stuck at GND due to stuck port data_in         ;
; spwstream:inst1|spwxmit:\xmit_sel0:xmit_inst|r.pend_tick      ; Stuck at GND due to stuck port data_in         ;
; spwstream:inst1|spwxmit:\xmit_sel0:xmit_inst|r.bitshift[12]   ; Stuck at GND due to stuck port data_in         ;
; spwstream:inst|spwxmit:\xmit_sel0:xmit_inst|r.pend_tick       ; Stuck at GND due to stuck port data_in         ;
; spwstream:inst|spwxmit:\xmit_sel0:xmit_inst|r.bitshift[12]    ; Stuck at GND due to stuck port data_in         ;
; spwstream:inst1|spwxmit:\xmit_sel0:xmit_inst|r.bitshift[11]   ; Stuck at GND due to stuck port data_in         ;
; spwstream:inst|spwxmit:\xmit_sel0:xmit_inst|r.bitshift[11]    ; Stuck at GND due to stuck port data_in         ;
; spwstream:inst1|spwxmit:\xmit_sel0:xmit_inst|r.bitshift[10]   ; Stuck at GND due to stuck port data_in         ;
; spwstream:inst|spwxmit:\xmit_sel0:xmit_inst|r.bitshift[10]    ; Stuck at GND due to stuck port data_in         ;
; spwstream:inst1|spwxmit:\xmit_sel0:xmit_inst|r.bitshift[9]    ; Stuck at GND due to stuck port data_in         ;
; spwstream:inst|spwxmit:\xmit_sel0:xmit_inst|r.bitshift[9]     ; Stuck at GND due to stuck port data_in         ;
; spwstream:inst1|spwxmit:\xmit_sel0:xmit_inst|r.bitshift[5..8] ; Stuck at GND due to stuck port data_in         ;
; Total Number of Removed Registers = 63                        ;                                                ;
+---------------------------------------------------------------+------------------------------------------------+


+-----------------------------------------------------------------------------------------------------------------------------------------------------+
; Removed Registers Triggering Further Register Optimizations                                                                                         ;
+----------------------------------------------------------+---------------------------+--------------------------------------------------------------+
; Register name                                            ; Reason for Removal        ; Registers Removed due to This Register                       ;
+----------------------------------------------------------+---------------------------+--------------------------------------------------------------+
; spwstream:inst1|r.txfifo_waddr[10]                       ; Stuck at GND              ; spwstream:inst1|spwxmit:\xmit_sel0:xmit_inst|r.bitshift[12], ;
;                                                          ; due to stuck port data_in ; spwstream:inst|spwxmit:\xmit_sel0:xmit_inst|r.bitshift[11],  ;
;                                                          ;                           ; spwstream:inst1|spwxmit:\xmit_sel0:xmit_inst|r.bitshift[10], ;
;                                                          ;                           ; spwstream:inst1|spwxmit:\xmit_sel0:xmit_inst|r.bitshift[9],  ;
;                                                          ;                           ; spwstream:inst|spwxmit:\xmit_sel0:xmit_inst|r.bitshift[9]    ;
; spwstream:inst1|spwram:txmem|rdata[4]                    ; Stuck at GND              ; spwstream:inst1|spwxmit:\xmit_sel0:xmit_inst|r.bitshift[5]   ;
;                                                          ; due to stuck port data_in ;                                                              ;
; spwstream:inst1|spwram:txmem|rdata[5]                    ; Stuck at GND              ; spwstream:inst1|spwxmit:\xmit_sel0:xmit_inst|r.bitshift[6]   ;
;                                                          ; due to stuck port data_in ;                                                              ;
; spwstream:inst1|spwram:txmem|rdata[6]                    ; Stuck at GND              ; spwstream:inst1|spwxmit:\xmit_sel0:xmit_inst|r.bitshift[7]   ;
;                                                          ; due to stuck port data_in ;                                                              ;
; spwstream:inst1|spwram:txmem|rdata[7]                    ; Stuck at GND              ; spwstream:inst1|spwxmit:\xmit_sel0:xmit_inst|r.bitshift[8]   ;
;                                                          ; due to stuck port data_in ;                                                              ;
; spwstream:inst1|spwxmit:\xmit_sel0:xmit_inst|r.pend_tick ; Stuck at GND              ; spwstream:inst1|spwxmit:\xmit_sel0:xmit_inst|r.bitshift[11]  ;
;                                                          ; due to stuck port data_in ;                                                              ;
; spwstream:inst|spwxmit:\xmit_sel0:xmit_inst|r.pend_tick  ; Stuck at GND              ; spwstream:inst|spwxmit:\xmit_sel0:xmit_inst|r.bitshift[10]   ;
;                                                          ; due to stuck port data_in ;                                                              ;
+----------------------------------------------------------+---------------------------+--------------------------------------------------------------+


+------------------------------------------------------+
; General Register Statistics                          ;
+----------------------------------------------+-------+
; Statistic                                    ; Value ;
+----------------------------------------------+-------+
; Total registers                              ; 321   ;
; Number of registers using Synchronous Clear  ; 40    ;
; Number of registers using Synchronous Load   ; 21    ;
; Number of registers using Asynchronous Clear ; 8     ;
; Number of registers using Asynchronous Load  ; 0     ;
; Number of registers using Clock Enable       ; 106   ;
; Number of registers using Preset             ; 0     ;
+----------------------------------------------+-------+


+-----------------------------------------------------------+
; Inverted Register Statistics                              ;
+-------------------------------------------------+---------+
; Inverted Register                               ; Fan out ;
+-------------------------------------------------+---------+
; spwstream:inst|spwlink:link_inst|r.timercnt[8]  ; 2       ;
; spwstream:inst|spwlink:link_inst|r.timercnt[6]  ; 2       ;
; spwstream:inst1|spwlink:link_inst|r.timercnt[8] ; 2       ;
; spwstream:inst1|spwlink:link_inst|r.timercnt[6] ; 2       ;
; spwstream:inst|spwrecv:recv_inst|r.bitshift[6]  ; 6       ;
; spwstream:inst|spwrecv:recv_inst|r.bitshift[7]  ; 6       ;
; spwstream:inst|spwrecv:recv_inst|r.bitshift[1]  ; 2       ;
; spwstream:inst|spwrecv:recv_inst|r.bitshift[0]  ; 1       ;
; spwstream:inst|spwrecv:recv_inst|r.bitshift[2]  ; 2       ;
; spwstream:inst|spwrecv:recv_inst|r.bitshift[3]  ; 2       ;
; spwstream:inst|spwrecv:recv_inst|r.bitshift[5]  ; 2       ;
; spwstream:inst|spwrecv:recv_inst|r.bitshift[4]  ; 2       ;
; spwstream:inst|spwrecv:recv_inst|r.bitshift[8]  ; 3       ;
; spwstream:inst1|spwrecv:recv_inst|r.bitshift[6] ; 9       ;
; spwstream:inst1|spwrecv:recv_inst|r.bitshift[7] ; 10      ;
; spwstream:inst1|spwrecv:recv_inst|r.bitshift[1] ; 3       ;
; spwstream:inst1|spwrecv:recv_inst|r.bitshift[0] ; 2       ;
; spwstream:inst1|spwrecv:recv_inst|r.bitshift[2] ; 3       ;
; spwstream:inst1|spwrecv:recv_inst|r.bitshift[3] ; 3       ;
; spwstream:inst1|spwrecv:recv_inst|r.bitshift[5] ; 3       ;
; spwstream:inst1|spwrecv:recv_inst|r.bitshift[4] ; 3       ;
; spwstream:inst1|spwrecv:recv_inst|r.bitshift[8] ; 3       ;
; Total number of inverted registers = 22         ;         ;
+-------------------------------------------------+---------+


+--------------------------------------------------------------------------------------------+
; Registers Packed Into Inferred Megafunctions                                               ;
+------------------------------------------+------------------------------------------+------+
; Register Name                            ; Megafunction                             ; Type ;
+------------------------------------------+------------------------------------------+------+
; spwstream:inst1|spwram:rxmem|rdata[0..8] ; spwstream:inst1|spwram:rxmem|s_mem_rtl_0 ; RAM  ;
; spwstream:inst|spwram:txmem|rdata[0..7]  ; spwstream:inst|spwram:txmem|s_mem_rtl_0  ; RAM  ;
+------------------------------------------+------------------------------------------+------+


+------------------------------------------------------------------------------------------------------------------------------------------------------------------------------------+
; Multiplexer Restructuring Statistics (Restructuring Performed)                                                                                                                     ;
+--------------------+-----------+---------------+----------------------+------------------------+------------+----------------------------------------------------------------------+
; Multiplexer Inputs ; Bus Width ; Baseline Area ; Area if Restructured ; Saving if Restructured ; Registered ; Example Multiplexer Output                                           ;
+--------------------+-----------+---------------+----------------------+------------------------+------------+----------------------------------------------------------------------+
; 3:1                ; 9 bits    ; 18 LEs        ; 9 LEs                ; 9 LEs                  ; Yes        ; |spacewire|spwstream:inst1|spwlink:link_inst|r.timercnt[2]           ;
; 3:1                ; 3 bits    ; 6 LEs         ; 3 LEs                ; 3 LEs                  ; Yes        ; |spacewire|spwstream:inst1|spwlink:link_inst|r.rx_credit[0]          ;
; 3:1                ; 3 bits    ; 6 LEs         ; 6 LEs                ; 0 LEs                  ; Yes        ; |spacewire|spwstream:inst1|spwlink:link_inst|r.rx_credit[3]          ;
; 3:1                ; 9 bits    ; 18 LEs        ; 9 LEs                ; 9 LEs                  ; Yes        ; |spacewire|spwstream:inst|spwlink:link_inst|r.timercnt[10]           ;
; 3:1                ; 3 bits    ; 6 LEs         ; 3 LEs                ; 3 LEs                  ; Yes        ; |spacewire|spwstream:inst|spwlink:link_inst|r.rx_credit[2]           ;
; 3:1                ; 3 bits    ; 6 LEs         ; 6 LEs                ; 0 LEs                  ; Yes        ; |spacewire|spwstream:inst|spwlink:link_inst|r.rx_credit[4]           ;
; 3:1                ; 3 bits    ; 6 LEs         ; 3 LEs                ; 3 LEs                  ; Yes        ; |spacewire|spwstream:inst|spwlink:link_inst|r.tx_credit[0]           ;
; 3:1                ; 3 bits    ; 6 LEs         ; 6 LEs                ; 0 LEs                  ; Yes        ; |spacewire|spwstream:inst|spwlink:link_inst|r.tx_credit[3]           ;
; 3:1                ; 3 bits    ; 6 LEs         ; 3 LEs                ; 3 LEs                  ; Yes        ; |spacewire|spwstream:inst1|spwlink:link_inst|r.tx_credit[2]          ;
; 3:1                ; 3 bits    ; 6 LEs         ; 6 LEs                ; 0 LEs                  ; Yes        ; |spacewire|spwstream:inst1|spwlink:link_inst|r.tx_credit[4]          ;
; 4:1                ; 2 bits    ; 4 LEs         ; 4 LEs                ; 0 LEs                  ; Yes        ; |spacewire|spwstream:inst1|spwxmit:\xmit_sel0:xmit_inst|r.parity     ;
; 4:1                ; 2 bits    ; 4 LEs         ; 4 LEs                ; 0 LEs                  ; Yes        ; |spacewire|spwstream:inst|spwxmit:\xmit_sel0:xmit_inst|r.bitcnt[1]   ;
; 4:1                ; 2 bits    ; 4 LEs         ; 4 LEs                ; 0 LEs                  ; Yes        ; |spacewire|spwstream:inst|spwxmit:\xmit_sel0:xmit_inst|r.bitshift[2] ;
; 4:1                ; 4 bits    ; 8 LEs         ; 8 LEs                ; 0 LEs                  ; Yes        ; |spacewire|spwstream:inst|spwxmit:\xmit_sel0:xmit_inst|r.bitshift[3] ;
; 4:1                ; 8 bits    ; 16 LEs        ; 16 LEs               ; 0 LEs                  ; Yes        ; |spacewire|spwstream:inst1|spwrecv:recv_inst|r.disccnt[2]            ;
; 4:1                ; 8 bits    ; 16 LEs        ; 16 LEs               ; 0 LEs                  ; Yes        ; |spacewire|spwstream:inst|spwrecv:recv_inst|r.disccnt[6]             ;
; 5:1                ; 2 bits    ; 6 LEs         ; 4 LEs                ; 2 LEs                  ; Yes        ; |spacewire|spwstream:inst|spwxmit:\xmit_sel0:xmit_inst|r.bitcnt[2]   ;
; 5:1                ; 8 bits    ; 24 LEs        ; 8 LEs                ; 16 LEs                 ; Yes        ; |spacewire|spwstream:inst1|spwrecv:recv_inst|r.bitcnt[4]             ;
; 5:1                ; 8 bits    ; 24 LEs        ; 8 LEs                ; 16 LEs                 ; Yes        ; |spacewire|spwstream:inst|spwrecv:recv_inst|r.bitcnt[7]              ;
; 10:1               ; 8 bits    ; 48 LEs        ; 16 LEs               ; 32 LEs                 ; Yes        ; |spacewire|spwstream:inst1|spwrecv:recv_inst|r.datareg[3]            ;
; 3:1                ; 2 bits    ; 4 LEs         ; 2 LEs                ; 2 LEs                  ; Yes        ; |spacewire|spwstream:inst1|spwlink:link_inst|r.timercnt[8]           ;
; 3:1                ; 2 bits    ; 4 LEs         ; 2 LEs                ; 2 LEs                  ; Yes        ; |spacewire|spwstream:inst|spwlink:link_inst|r.timercnt[8]            ;
; 3:1                ; 9 bits    ; 18 LEs        ; 9 LEs                ; 9 LEs                  ; Yes        ; |spacewire|spwstream:inst1|spwrecv:recv_inst|r.bitshift[6]           ;
; 3:1                ; 9 bits    ; 18 LEs        ; 9 LEs                ; 9 LEs                  ; Yes        ; |spacewire|spwstream:inst|spwrecv:recv_inst|r.bitshift[3]            ;
; 3:1                ; 11 bits   ; 22 LEs        ; 11 LEs               ; 11 LEs                 ; No         ; |spacewire|spwstream:inst1|v                                         ;
; 3:1                ; 11 bits   ; 22 LEs        ; 11 LEs               ; 11 LEs                 ; No         ; |spacewire|spwstream:inst|v                                          ;
; 17:1               ; 6 bits    ; 66 LEs        ; 42 LEs               ; 24 LEs                 ; No         ; |spacewire|spwstream:inst1|spwlink:link_inst|Selector0               ;
; 17:1               ; 6 bits    ; 66 LEs        ; 42 LEs               ; 24 LEs                 ; No         ; |spacewire|spwstream:inst|spwlink:link_inst|Selector3                ;
+--------------------+-----------+---------------+----------------------+------------------------+------------+----------------------------------------------------------------------+


+-----------------------------------------------------------------------------------------------------------+
; Source assignments for spwstream:inst1|spwram:rxmem|altsyncram:s_mem_rtl_0|altsyncram_23h1:auto_generated ;
+---------------------------------+--------------------+------+---------------------------------------------+
; Assignment                      ; Value              ; From ; To                                          ;
+---------------------------------+--------------------+------+---------------------------------------------+
; OPTIMIZE_POWER_DURING_SYNTHESIS ; NORMAL_COMPILATION ; -    ; -                                           ;
+---------------------------------+--------------------+------+---------------------------------------------+


+----------------------------------------------------------------------------------------------------------+
; Source assignments for spwstream:inst|spwram:txmem|altsyncram:s_mem_rtl_0|altsyncram_6fg1:auto_generated ;
+---------------------------------+--------------------+------+--------------------------------------------+
; Assignment                      ; Value              ; From ; To                                         ;
+---------------------------------+--------------------+------+--------------------------------------------+
; OPTIMIZE_POWER_DURING_SYNTHESIS ; NORMAL_COMPILATION ; -    ; -                                          ;
+---------------------------------+--------------------+------+--------------------------------------------+


+-------------------------------------------------------------+
; Parameter Settings for User Entity Instance: spwstream:inst ;
+-----------------+--------------+----------------------------+
; Parameter Name  ; Value        ; Type                       ;
+-----------------+--------------+----------------------------+
; sysfreq         ; 50000000.0   ; Signed Float               ;
; txclkfreq       ; 0.0          ; Signed Float               ;
; rximpl          ; impl_generic ; Enumerated                 ;
; rxchunk         ; 1            ; Signed Integer             ;
; tximpl          ; impl_generic ; Enumerated                 ;
; rxfifosize_bits ; 11           ; Signed Integer             ;
; txfifosize_bits ; 11           ; Signed Integer             ;
+-----------------+--------------+----------------------------+
Note: In order to hide this table in the UI and the text report file, please set the "Show Parameter Settings in Synthesis Report" option in "Analysis and Synthesis Settings -> More Settings" to "Off".


+-------------------------------------------------------------------------------+
; Parameter Settings for User Entity Instance: spwstream:inst|spwlink:link_inst ;
+----------------+-------+------------------------------------------------------+
; Parameter Name ; Value ; Type                                                 ;
+----------------+-------+------------------------------------------------------+
; reset_time     ; 320   ; Signed Integer                                       ;
+----------------+-------+------------------------------------------------------+
Note: In order to hide this table in the UI and the text report file, please set the "Show Parameter Settings in Synthesis Report" option in "Analysis and Synthesis Settings -> More Settings" to "Off".


+-------------------------------------------------------------------------------+
; Parameter Settings for User Entity Instance: spwstream:inst|spwrecv:recv_inst ;
+-----------------+-------+-----------------------------------------------------+
; Parameter Name  ; Value ; Type                                                ;
+-----------------+-------+-----------------------------------------------------+
; disconnect_time ; 43    ; Signed Integer                                      ;
; rxchunk         ; 1     ; Signed Integer                                      ;
+-----------------+-------+-----------------------------------------------------+
Note: In order to hide this table in the UI and the text report file, please set the "Show Parameter Settings in Synthesis Report" option in "Analysis and Synthesis Settings -> More Settings" to "Off".


+--------------------------------------------------------------------------+
; Parameter Settings for User Entity Instance: spwstream:inst|spwram:rxmem ;
+----------------+-------+-------------------------------------------------+
; Parameter Name ; Value ; Type                                            ;
+----------------+-------+-------------------------------------------------+
; abits          ; 11    ; Signed Integer                                  ;
; dbits          ; 9     ; Signed Integer                                  ;
+----------------+-------+-------------------------------------------------+
Note: In order to hide this table in the UI and the text report file, please set the "Show Parameter Settings in Synthesis Report" option in "Analysis and Synthesis Settings -> More Settings" to "Off".


+--------------------------------------------------------------------------+
; Parameter Settings for User Entity Instance: spwstream:inst|spwram:txmem ;
+----------------+-------+-------------------------------------------------+
; Parameter Name ; Value ; Type                                            ;
+----------------+-------+-------------------------------------------------+
; abits          ; 11    ; Signed Integer                                  ;
; dbits          ; 9     ; Signed Integer                                  ;
+----------------+-------+-------------------------------------------------+
Note: In order to hide this table in the UI and the text report file, please set the "Show Parameter Settings in Synthesis Report" option in "Analysis and Synthesis Settings -> More Settings" to "Off".


+--------------------------------------------------------------+
; Parameter Settings for User Entity Instance: spwstream:inst1 ;
+-----------------+--------------+-----------------------------+
; Parameter Name  ; Value        ; Type                        ;
+-----------------+--------------+-----------------------------+
; sysfreq         ; 50000000.0   ; Signed Float                ;
; txclkfreq       ; 0.0          ; Signed Float                ;
; rximpl          ; impl_generic ; Enumerated                  ;
; rxchunk         ; 1            ; Signed Integer              ;
; tximpl          ; impl_generic ; Enumerated                  ;
; rxfifosize_bits ; 11           ; Signed Integer              ;
; txfifosize_bits ; 11           ; Signed Integer              ;
+-----------------+--------------+-----------------------------+
Note: In order to hide this table in the UI and the text report file, please set the "Show Parameter Settings in Synthesis Report" option in "Analysis and Synthesis Settings -> More Settings" to "Off".


+--------------------------------------------------------------------------------+
; Parameter Settings for User Entity Instance: spwstream:inst1|spwlink:link_inst ;
+----------------+-------+-------------------------------------------------------+
; Parameter Name ; Value ; Type                                                  ;
+----------------+-------+-------------------------------------------------------+
; reset_time     ; 320   ; Signed Integer                                        ;
+----------------+-------+-------------------------------------------------------+
Note: In order to hide this table in the UI and the text report file, please set the "Show Parameter Settings in Synthesis Report" option in "Analysis and Synthesis Settings -> More Settings" to "Off".


+--------------------------------------------------------------------------------+
; Parameter Settings for User Entity Instance: spwstream:inst1|spwrecv:recv_inst ;
+-----------------+-------+------------------------------------------------------+
; Parameter Name  ; Value ; Type                                                 ;
+-----------------+-------+------------------------------------------------------+
; disconnect_time ; 43    ; Signed Integer                                       ;
; rxchunk         ; 1     ; Signed Integer                                       ;
+-----------------+-------+------------------------------------------------------+
Note: In order to hide this table in the UI and the text report file, please set the "Show Parameter Settings in Synthesis Report" option in "Analysis and Synthesis Settings -> More Settings" to "Off".


+---------------------------------------------------------------------------+
; Parameter Settings for User Entity Instance: spwstream:inst1|spwram:rxmem ;
+----------------+-------+--------------------------------------------------+
; Parameter Name ; Value ; Type                                             ;
+----------------+-------+--------------------------------------------------+
; abits          ; 11    ; Signed Integer                                   ;
; dbits          ; 9     ; Signed Integer                                   ;
+----------------+-------+--------------------------------------------------+
Note: In order to hide this table in the UI and the text report file, please set the "Show Parameter Settings in Synthesis Report" option in "Analysis and Synthesis Settings -> More Settings" to "Off".


+---------------------------------------------------------------------------+
; Parameter Settings for User Entity Instance: spwstream:inst1|spwram:txmem ;
+----------------+-------+--------------------------------------------------+
; Parameter Name ; Value ; Type                                             ;
+----------------+-------+--------------------------------------------------+
; abits          ; 11    ; Signed Integer                                   ;
; dbits          ; 9     ; Signed Integer                                   ;
+----------------+-------+--------------------------------------------------+
Note: In order to hide this table in the UI and the text report file, please set the "Show Parameter Settings in Synthesis Report" option in "Analysis and Synthesis Settings -> More Settings" to "Off".


+------------------------------------------------------------------------------------------------------+
; Parameter Settings for User Entity Instance: lpm_constant0:inst3|lpm_constant:LPM_CONSTANT_component ;
+--------------------+------------------+--------------------------------------------------------------+
; Parameter Name     ; Value            ; Type                                                         ;
+--------------------+------------------+--------------------------------------------------------------+
; LPM_WIDTH          ; 8                ; Signed Integer                                               ;
; LPM_CVALUE         ; 255              ; Signed Integer                                               ;
; ENABLE_RUNTIME_MOD ; NO               ; Untyped                                                      ;
; CBXI_PARAMETER     ; lpm_constant_6j6 ; Untyped                                                      ;
+--------------------+------------------+--------------------------------------------------------------+
Note: In order to hide this table in the UI and the text report file, please set the "Show Parameter Settings in Synthesis Report" option in "Analysis and Synthesis Settings -> More Settings" to "Off".


+------------------------------------------------------------------------------------------------------+
; Parameter Settings for User Entity Instance: lpm_constant0:inst5|lpm_constant:LPM_CONSTANT_component ;
+--------------------+------------------+--------------------------------------------------------------+
; Parameter Name     ; Value            ; Type                                                         ;
+--------------------+------------------+--------------------------------------------------------------+
; LPM_WIDTH          ; 8                ; Signed Integer                                               ;
; LPM_CVALUE         ; 255              ; Signed Integer                                               ;
; ENABLE_RUNTIME_MOD ; NO               ; Untyped                                                      ;
; CBXI_PARAMETER     ; lpm_constant_6j6 ; Untyped                                                      ;
+--------------------+------------------+--------------------------------------------------------------+
Note: In order to hide this table in the UI and the text report file, please set the "Show Parameter Settings in Synthesis Report" option in "Analysis and Synthesis Settings -> More Settings" to "Off".


+------------------------------------------------------------------------------------------------------+
; Parameter Settings for User Entity Instance: lpm_constant0:inst2|lpm_constant:LPM_CONSTANT_component ;
+--------------------+------------------+--------------------------------------------------------------+
; Parameter Name     ; Value            ; Type                                                         ;
+--------------------+------------------+--------------------------------------------------------------+
; LPM_WIDTH          ; 8                ; Signed Integer                                               ;
; LPM_CVALUE         ; 255              ; Signed Integer                                               ;
; ENABLE_RUNTIME_MOD ; NO               ; Untyped                                                      ;
; CBXI_PARAMETER     ; lpm_constant_6j6 ; Untyped                                                      ;
+--------------------+------------------+--------------------------------------------------------------+
Note: In order to hide this table in the UI and the text report file, please set the "Show Parameter Settings in Synthesis Report" option in "Analysis and Synthesis Settings -> More Settings" to "Off".


+------------------------------------------------------------------------------------------------------+
; Parameter Settings for Inferred Entity Instance: spwstream:inst1|spwram:rxmem|altsyncram:s_mem_rtl_0 ;
+------------------------------------+----------------------+------------------------------------------+
; Parameter Name                     ; Value                ; Type                                     ;
+------------------------------------+----------------------+------------------------------------------+
; BYTE_SIZE_BLOCK                    ; 8                    ; Untyped                                  ;
; AUTO_CARRY_CHAINS                  ; ON                   ; AUTO_CARRY                               ;
; IGNORE_CARRY_BUFFERS               ; OFF                  ; IGNORE_CARRY                             ;
; AUTO_CASCADE_CHAINS                ; ON                   ; AUTO_CASCADE                             ;
; IGNORE_CASCADE_BUFFERS             ; OFF                  ; IGNORE_CASCADE                           ;
; WIDTH_BYTEENA                      ; 1                    ; Untyped                                  ;
; OPERATION_MODE                     ; DUAL_PORT            ; Untyped                                  ;
; WIDTH_A                            ; 9                    ; Untyped                                  ;
; WIDTHAD_A                          ; 11                   ; Untyped                                  ;
; NUMWORDS_A                         ; 2048                 ; Untyped                                  ;
; OUTDATA_REG_A                      ; UNREGISTERED         ; Untyped                                  ;
; ADDRESS_ACLR_A                     ; NONE                 ; Untyped                                  ;
; OUTDATA_ACLR_A                     ; NONE                 ; Untyped                                  ;
; WRCONTROL_ACLR_A                   ; NONE                 ; Untyped                                  ;
; INDATA_ACLR_A                      ; NONE                 ; Untyped                                  ;
; BYTEENA_ACLR_A                     ; NONE                 ; Untyped                                  ;
; WIDTH_B                            ; 9                    ; Untyped                                  ;
; WIDTHAD_B                          ; 11                   ; Untyped                                  ;
; NUMWORDS_B                         ; 2048                 ; Untyped                                  ;
; INDATA_REG_B                       ; CLOCK1               ; Untyped                                  ;
; WRCONTROL_WRADDRESS_REG_B          ; CLOCK1               ; Untyped                                  ;
; RDCONTROL_REG_B                    ; CLOCK1               ; Untyped                                  ;
; ADDRESS_REG_B                      ; CLOCK0               ; Untyped                                  ;
; OUTDATA_REG_B                      ; UNREGISTERED         ; Untyped                                  ;
; BYTEENA_REG_B                      ; CLOCK1               ; Untyped                                  ;
; INDATA_ACLR_B                      ; NONE                 ; Untyped                                  ;
; WRCONTROL_ACLR_B                   ; NONE                 ; Untyped                                  ;
; ADDRESS_ACLR_B                     ; NONE                 ; Untyped                                  ;
; OUTDATA_ACLR_B                     ; NONE                 ; Untyped                                  ;
; RDCONTROL_ACLR_B                   ; NONE                 ; Untyped                                  ;
; BYTEENA_ACLR_B                     ; NONE                 ; Untyped                                  ;
; WIDTH_BYTEENA_A                    ; 1                    ; Untyped                                  ;
; WIDTH_BYTEENA_B                    ; 1                    ; Untyped                                  ;
; RAM_BLOCK_TYPE                     ; AUTO                 ; Untyped                                  ;
; BYTE_SIZE                          ; 8                    ; Untyped                                  ;
; READ_DURING_WRITE_MODE_MIXED_PORTS ; OLD_DATA             ; Untyped                                  ;
; READ_DURING_WRITE_MODE_PORT_A      ; NEW_DATA_NO_NBE_READ ; Untyped                                  ;
; READ_DURING_WRITE_MODE_PORT_B      ; NEW_DATA_NO_NBE_READ ; Untyped                                  ;
; INIT_FILE                          ; UNUSED               ; Untyped                                  ;
; INIT_FILE_LAYOUT                   ; PORT_A               ; Untyped                                  ;
; MAXIMUM_DEPTH                      ; 0                    ; Untyped                                  ;
; CLOCK_ENABLE_INPUT_A               ; NORMAL               ; Untyped                                  ;
; CLOCK_ENABLE_INPUT_B               ; NORMAL               ; Untyped                                  ;
; CLOCK_ENABLE_OUTPUT_A              ; NORMAL               ; Untyped                                  ;
; CLOCK_ENABLE_OUTPUT_B              ; NORMAL               ; Untyped                                  ;
; CLOCK_ENABLE_CORE_A                ; USE_INPUT_CLKEN      ; Untyped                                  ;
; CLOCK_ENABLE_CORE_B                ; USE_INPUT_CLKEN      ; Untyped                                  ;
; ENABLE_ECC                         ; FALSE                ; Untyped                                  ;
; ECC_PIPELINE_STAGE_ENABLED         ; FALSE                ; Untyped                                  ;
; WIDTH_ECCSTATUS                    ; 3                    ; Untyped                                  ;
; DEVICE_FAMILY                      ; Cyclone IV E         ; Untyped                                  ;
; CBXI_PARAMETER                     ; altsyncram_23h1      ; Untyped                                  ;
+------------------------------------+----------------------+------------------------------------------+
Note: In order to hide this table in the UI and the text report file, please set the "Show Parameter Settings in Synthesis Report" option in "Analysis and Synthesis Settings -> More Settings" to "Off".


+-----------------------------------------------------------------------------------------------------+
; Parameter Settings for Inferred Entity Instance: spwstream:inst|spwram:txmem|altsyncram:s_mem_rtl_0 ;
+------------------------------------+----------------------+-----------------------------------------+
; Parameter Name                     ; Value                ; Type                                    ;
+------------------------------------+----------------------+-----------------------------------------+
; BYTE_SIZE_BLOCK                    ; 8                    ; Untyped                                 ;
; AUTO_CARRY_CHAINS                  ; ON                   ; AUTO_CARRY                              ;
; IGNORE_CARRY_BUFFERS               ; OFF                  ; IGNORE_CARRY                            ;
; AUTO_CASCADE_CHAINS                ; ON                   ; AUTO_CASCADE                            ;
; IGNORE_CASCADE_BUFFERS             ; OFF                  ; IGNORE_CASCADE                          ;
; WIDTH_BYTEENA                      ; 1                    ; Untyped                                 ;
; OPERATION_MODE                     ; DUAL_PORT            ; Untyped                                 ;
; WIDTH_A                            ; 8                    ; Untyped                                 ;
; WIDTHAD_A                          ; 11                   ; Untyped                                 ;
; NUMWORDS_A                         ; 2048                 ; Untyped                                 ;
; OUTDATA_REG_A                      ; UNREGISTERED         ; Untyped                                 ;
; ADDRESS_ACLR_A                     ; NONE                 ; Untyped                                 ;
; OUTDATA_ACLR_A                     ; NONE                 ; Untyped                                 ;
; WRCONTROL_ACLR_A                   ; NONE                 ; Untyped                                 ;
; INDATA_ACLR_A                      ; NONE                 ; Untyped                                 ;
; BYTEENA_ACLR_A                     ; NONE                 ; Untyped                                 ;
; WIDTH_B                            ; 8                    ; Untyped                                 ;
; WIDTHAD_B                          ; 11                   ; Untyped                                 ;
; NUMWORDS_B                         ; 2048                 ; Untyped                                 ;
; INDATA_REG_B                       ; CLOCK1               ; Untyped                                 ;
; WRCONTROL_WRADDRESS_REG_B          ; CLOCK1               ; Untyped                                 ;
; RDCONTROL_REG_B                    ; CLOCK1               ; Untyped                                 ;
; ADDRESS_REG_B                      ; CLOCK0               ; Untyped                                 ;
; OUTDATA_REG_B                      ; UNREGISTERED         ; Untyped                                 ;
; BYTEENA_REG_B                      ; CLOCK1               ; Untyped                                 ;
; INDATA_ACLR_B                      ; NONE                 ; Untyped                                 ;
; WRCONTROL_ACLR_B                   ; NONE                 ; Untyped                                 ;
; ADDRESS_ACLR_B                     ; NONE                 ; Untyped                                 ;
; OUTDATA_ACLR_B                     ; NONE                 ; Untyped                                 ;
; RDCONTROL_ACLR_B                   ; NONE                 ; Untyped                                 ;
; BYTEENA_ACLR_B                     ; NONE                 ; Untyped                                 ;
; WIDTH_BYTEENA_A                    ; 1                    ; Untyped                                 ;
; WIDTH_BYTEENA_B                    ; 1                    ; Untyped                                 ;
; RAM_BLOCK_TYPE                     ; AUTO                 ; Untyped                                 ;
; BYTE_SIZE                          ; 8                    ; Untyped                                 ;
; READ_DURING_WRITE_MODE_MIXED_PORTS ; OLD_DATA             ; Untyped                                 ;
; READ_DURING_WRITE_MODE_PORT_A      ; NEW_DATA_NO_NBE_READ ; Untyped                                 ;
; READ_DURING_WRITE_MODE_PORT_B      ; NEW_DATA_NO_NBE_READ ; Untyped                                 ;
; INIT_FILE                          ; UNUSED               ; Untyped                                 ;
; INIT_FILE_LAYOUT                   ; PORT_A               ; Untyped                                 ;
; MAXIMUM_DEPTH                      ; 0                    ; Untyped                                 ;
; CLOCK_ENABLE_INPUT_A               ; NORMAL               ; Untyped                                 ;
; CLOCK_ENABLE_INPUT_B               ; NORMAL               ; Untyped                                 ;
; CLOCK_ENABLE_OUTPUT_A              ; NORMAL               ; Untyped                                 ;
; CLOCK_ENABLE_OUTPUT_B              ; NORMAL               ; Untyped                                 ;
; CLOCK_ENABLE_CORE_A                ; USE_INPUT_CLKEN      ; Untyped                                 ;
; CLOCK_ENABLE_CORE_B                ; USE_INPUT_CLKEN      ; Untyped                                 ;
; ENABLE_ECC                         ; FALSE                ; Untyped                                 ;
; ECC_PIPELINE_STAGE_ENABLED         ; FALSE                ; Untyped                                 ;
; WIDTH_ECCSTATUS                    ; 3                    ; Untyped                                 ;
; DEVICE_FAMILY                      ; Cyclone IV E         ; Untyped                                 ;
; CBXI_PARAMETER                     ; altsyncram_6fg1      ; Untyped                                 ;
+------------------------------------+----------------------+-----------------------------------------+
Note: In order to hide this table in the UI and the text report file, please set the "Show Parameter Settings in Synthesis Report" option in "Analysis and Synthesis Settings -> More Settings" to "Off".


+-------------------------------------------------------------------------------------------------+
; altsyncram Parameter Settings by Entity Instance                                                ;
+-------------------------------------------+-----------------------------------------------------+
; Name                                      ; Value                                               ;
+-------------------------------------------+-----------------------------------------------------+
; Number of entity instances                ; 2                                                   ;
; Entity Instance                           ; spwstream:inst1|spwram:rxmem|altsyncram:s_mem_rtl_0 ;
;     -- OPERATION_MODE                     ; DUAL_PORT                                           ;
;     -- WIDTH_A                            ; 9                                                   ;
;     -- NUMWORDS_A                         ; 2048                                                ;
;     -- OUTDATA_REG_A                      ; UNREGISTERED                                        ;
;     -- WIDTH_B                            ; 9                                                   ;
;     -- NUMWORDS_B                         ; 2048                                                ;
;     -- ADDRESS_REG_B                      ; CLOCK0                                              ;
;     -- OUTDATA_REG_B                      ; UNREGISTERED                                        ;
;     -- RAM_BLOCK_TYPE                     ; AUTO                                                ;
;     -- READ_DURING_WRITE_MODE_MIXED_PORTS ; OLD_DATA                                            ;
; Entity Instance                           ; spwstream:inst|spwram:txmem|altsyncram:s_mem_rtl_0  ;
;     -- OPERATION_MODE                     ; DUAL_PORT                                           ;
;     -- WIDTH_A                            ; 8                                                   ;
;     -- NUMWORDS_A                         ; 2048                                                ;
;     -- OUTDATA_REG_A                      ; UNREGISTERED                                        ;
;     -- WIDTH_B                            ; 8                                                   ;
;     -- NUMWORDS_B                         ; 2048                                                ;
;     -- ADDRESS_REG_B                      ; CLOCK0                                              ;
;     -- OUTDATA_REG_B                      ; UNREGISTERED                                        ;
;     -- RAM_BLOCK_TYPE                     ; AUTO                                                ;
;     -- READ_DURING_WRITE_MODE_MIXED_PORTS ; OLD_DATA                                            ;
+-------------------------------------------+-----------------------------------------------------+


+---------------------------------------------------------+
; Port Connectivity Checks: "spwstream:inst|spwram:txmem" ;
+------+-------+----------+-------------------------------+
; Port ; Type  ; Severity ; Details                       ;
+------+-------+----------+-------------------------------+
; ren  ; Input ; Info     ; Stuck at VCC                  ;
+------+-------+----------+-------------------------------+


+---------------------------------------------------------+
; Port Connectivity Checks: "spwstream:inst|spwram:rxmem" ;
+------+-------+----------+-------------------------------+
; Port ; Type  ; Severity ; Details                       ;
+------+-------+----------+-------------------------------+
; ren  ; Input ; Info     ; Stuck at VCC                  ;
+------+-------+----------+-------------------------------+


+-------------------------------+
; Elapsed Time Per Partition    ;
+----------------+--------------+
; Partition Name ; Elapsed Time ;
+----------------+--------------+
; Top            ; 00:00:02     ;
+----------------+--------------+


+-------------------------------+
; Analysis & Synthesis Messages ;
+-------------------------------+
Info: *******************************************************************
Info: Running Quartus II 64-Bit Analysis & Synthesis
    Info: Version 13.0.1 Build 232 06/12/2013 Service Pack 1 SJ Web Edition
    Info: Processing started: Thu Sep 21 12:31:25 2023
Info: Command: quartus_map --read_settings_files=on --write_settings_files=off spacewire -c spacewire
Warning (20028): Parallel compilation is not licensed and has been disabled
Info (12021): Found 2 design units, including 1 entities, in source file DFF8bit.vhd
    Info (12022): Found design unit 1: DFF8bit-Behavioral
    Info (12023): Found entity 1: DFF8bit
Info (12021): Found 1 design units, including 0 entities, in source file spwpkg.vhd
    Info (12022): Found design unit 1: spwpkg
Info (12021): Found 2 design units, including 1 entities, in source file spwlink.vhd
    Info (12022): Found design unit 1: spwlink-spwlink_arch
    Info (12023): Found entity 1: spwlink
Info (12021): Found 2 design units, including 1 entities, in source file spwrecvfront_generic.vhd
    Info (12022): Found design unit 1: spwrecvfront_generic-spwrecvfront_arch
    Info (12023): Found entity 1: spwrecvfront_generic
Info (12021): Found 2 design units, including 1 entities, in source file spwxmit.vhd
    Info (12022): Found design unit 1: spwxmit-spwxmit_arch
    Info (12023): Found entity 1: spwxmit
Warning (10335): Unrecognized synthesis attribute "FSM_EXTRACT" at spwxmit_fast.vhd(184)
Warning (10335): Unrecognized synthesis attribute "IOB" at spwxmit_fast.vhd(325)
Warning (10335): Unrecognized synthesis attribute "IOB" at spwxmit_fast.vhd(326)
Info (12021): Found 2 design units, including 1 entities, in source file spwxmit_fast.vhd
    Info (12022): Found design unit 1: spwxmit_fast-spwxmit_fast_arch
    Info (12023): Found entity 1: spwxmit_fast
Info (12021): Found 2 design units, including 1 entities, in source file spwram.vhd
    Info (12022): Found design unit 1: spwram-spwram_arch
    Info (12023): Found entity 1: spwram
Warning (10335): Unrecognized synthesis attribute "FSM_EXTRACT" at spwrecvfront_fast.vhd(106)
Warning (10335): Unrecognized synthesis attribute "IOB" at spwrecvfront_fast.vhd(194)
Warning (10335): Unrecognized synthesis attribute "IOB" at spwrecvfront_fast.vhd(195)
Warning (10335): Unrecognized synthesis attribute "IOB" at spwrecvfront_fast.vhd(196)
Warning (10335): Unrecognized synthesis attribute "IOB" at spwrecvfront_fast.vhd(197)
Info (12021): Found 2 design units, including 1 entities, in source file spwrecvfront_fast.vhd
    Info (12022): Found design unit 1: spwrecvfront_fast-spwrecvfront_arch
    Info (12023): Found entity 1: spwrecvfront_fast
Info (12021): Found 2 design units, including 1 entities, in source file spwstream.vhd
    Info (12022): Found design unit 1: spwstream-spwstream_arch
    Info (12023): Found entity 1: spwstream
Info (12021): Found 2 design units, including 1 entities, in source file spwrecv.vhd
    Info (12022): Found design unit 1: spwrecv-spwrecv_arch
    Info (12023): Found entity 1: spwrecv
Info (12021): Found 1 design units, including 1 entities, in source file spacewire.bdf
    Info (12023): Found entity 1: spacewire
Info (12021): Found 2 design units, including 1 entities, in source file lpm_constant0.vhd
    Info (12022): Found design unit 1: lpm_constant0-SYN
    Info (12023): Found entity 1: lpm_constant0
Info (12127): Elaborating entity "spacewire" for the top level hierarchy
Info (12128): Elaborating entity "spwstream" for hierarchy "spwstream:inst"
Info (12128): Elaborating entity "spwlink" for hierarchy "spwstream:inst|spwlink:link_inst"
Info (12128): Elaborating entity "spwrecv" for hierarchy "spwstream:inst|spwrecv:recv_inst"
Info (12128): Elaborating entity "spwxmit" for hierarchy "spwstream:inst|spwxmit:\xmit_sel0:xmit_inst"
Info (12128): Elaborating entity "spwrecvfront_generic" for hierarchy "spwstream:inst|spwrecvfront_generic:\recvfront_sel0:recvfront_generic_inst"
Info (12128): Elaborating entity "spwram" for hierarchy "spwstream:inst|spwram:rxmem"
Info (12128): Elaborating entity "lpm_constant0" for hierarchy "lpm_constant0:inst3"
Info (12128): Elaborating entity "lpm_constant" for hierarchy "lpm_constant0:inst3|lpm_constant:LPM_CONSTANT_component"
Info (12130): Elaborated megafunction instantiation "lpm_constant0:inst3|lpm_constant:LPM_CONSTANT_component"
Info (12133): Instantiated megafunction "lpm_constant0:inst3|lpm_constant:LPM_CONSTANT_component" with the following parameter:
    Info (12134): Parameter "lpm_cvalue" = "255"
    Info (12134): Parameter "lpm_hint" = "ENABLE_RUNTIME_MOD=NO"
    Info (12134): Parameter "lpm_type" = "LPM_CONSTANT"
    Info (12134): Parameter "lpm_width" = "8"
Info (12128): Elaborating entity "DFF8bit" for hierarchy "DFF8bit:inst4"
Info (19000): Inferred 2 megafunctions from design logic
    Info (276029): Inferred altsyncram megafunction from the following design logic: "spwstream:inst1|spwram:rxmem|s_mem_rtl_0" 
        Info (286033): Parameter OPERATION_MODE set to DUAL_PORT
        Info (286033): Parameter WIDTH_A set to 9
        Info (286033): Parameter WIDTHAD_A set to 11
        Info (286033): Parameter NUMWORDS_A set to 2048
        Info (286033): Parameter WIDTH_B set to 9
        Info (286033): Parameter WIDTHAD_B set to 11
        Info (286033): Parameter NUMWORDS_B set to 2048
        Info (286033): Parameter ADDRESS_ACLR_A set to NONE
        Info (286033): Parameter OUTDATA_REG_B set to UNREGISTERED
        Info (286033): Parameter ADDRESS_ACLR_B set to NONE
        Info (286033): Parameter OUTDATA_ACLR_B set to NONE
        Info (286033): Parameter ADDRESS_REG_B set to CLOCK0
        Info (286033): Parameter INDATA_ACLR_A set to NONE
        Info (286033): Parameter WRCONTROL_ACLR_A set to NONE
        Info (286033): Parameter READ_DURING_WRITE_MODE_MIXED_PORTS set to OLD_DATA
    Info (276029): Inferred altsyncram megafunction from the following design logic: "spwstream:inst|spwram:txmem|s_mem_rtl_0" 
        Info (286033): Parameter OPERATION_MODE set to DUAL_PORT
        Info (286033): Parameter WIDTH_A set to 8
        Info (286033): Parameter WIDTHAD_A set to 11
        Info (286033): Parameter NUMWORDS_A set to 2048
        Info (286033): Parameter WIDTH_B set to 8
        Info (286033): Parameter WIDTHAD_B set to 11
        Info (286033): Parameter NUMWORDS_B set to 2048
        Info (286033): Parameter ADDRESS_ACLR_A set to NONE
        Info (286033): Parameter OUTDATA_REG_B set to UNREGISTERED
        Info (286033): Parameter ADDRESS_ACLR_B set to NONE
        Info (286033): Parameter OUTDATA_ACLR_B set to NONE
        Info (286033): Parameter ADDRESS_REG_B set to CLOCK0
        Info (286033): Parameter INDATA_ACLR_A set to NONE
        Info (286033): Parameter WRCONTROL_ACLR_A set to NONE
        Info (286033): Parameter READ_DURING_WRITE_MODE_MIXED_PORTS set to OLD_DATA
Info (12130): Elaborated megafunction instantiation "spwstream:inst1|spwram:rxmem|altsyncram:s_mem_rtl_0"
Info (12133): Instantiated megafunction "spwstream:inst1|spwram:rxmem|altsyncram:s_mem_rtl_0" with the following parameter:
    Info (12134): Parameter "OPERATION_MODE" = "DUAL_PORT"
    Info (12134): Parameter "WIDTH_A" = "9"
    Info (12134): Parameter "WIDTHAD_A" = "11"
    Info (12134): Parameter "NUMWORDS_A" = "2048"
    Info (12134): Parameter "WIDTH_B" = "9"
    Info (12134): Parameter "WIDTHAD_B" = "11"
    Info (12134): Parameter "NUMWORDS_B" = "2048"
    Info (12134): Parameter "ADDRESS_ACLR_A" = "NONE"
    Info (12134): Parameter "OUTDATA_REG_B" = "UNREGISTERED"
    Info (12134): Parameter "ADDRESS_ACLR_B" = "NONE"
    Info (12134): Parameter "OUTDATA_ACLR_B" = "NONE"
    Info (12134): Parameter "ADDRESS_REG_B" = "CLOCK0"
    Info (12134): Parameter "INDATA_ACLR_A" = "NONE"
    Info (12134): Parameter "WRCONTROL_ACLR_A" = "NONE"
    Info (12134): Parameter "READ_DURING_WRITE_MODE_MIXED_PORTS" = "OLD_DATA"
Info (12021): Found 1 design units, including 1 entities, in source file db/altsyncram_23h1.tdf
    Info (12023): Found entity 1: altsyncram_23h1
Info (12130): Elaborated megafunction instantiation "spwstream:inst|spwram:txmem|altsyncram:s_mem_rtl_0"
Info (12133): Instantiated megafunction "spwstream:inst|spwram:txmem|altsyncram:s_mem_rtl_0" with the following parameter:
    Info (12134): Parameter "OPERATION_MODE" = "DUAL_PORT"
    Info (12134): Parameter "WIDTH_A" = "8"
    Info (12134): Parameter "WIDTHAD_A" = "11"
    Info (12134): Parameter "NUMWORDS_A" = "2048"
    Info (12134): Parameter "WIDTH_B" = "8"
    Info (12134): Parameter "WIDTHAD_B" = "11"
    Info (12134): Parameter "NUMWORDS_B" = "2048"
    Info (12134): Parameter "ADDRESS_ACLR_A" = "NONE"
    Info (12134): Parameter "OUTDATA_REG_B" = "UNREGISTERED"
    Info (12134): Parameter "ADDRESS_ACLR_B" = "NONE"
    Info (12134): Parameter "OUTDATA_ACLR_B" = "NONE"
    Info (12134): Parameter "ADDRESS_REG_B" = "CLOCK0"
    Info (12134): Parameter "INDATA_ACLR_A" = "NONE"
    Info (12134): Parameter "WRCONTROL_ACLR_A" = "NONE"
    Info (12134): Parameter "READ_DURING_WRITE_MODE_MIXED_PORTS" = "OLD_DATA"
Info (12021): Found 1 design units, including 1 entities, in source file db/altsyncram_6fg1.tdf
    Info (12023): Found entity 1: altsyncram_6fg1
Info (286030): Timing-Driven Synthesis is running
Info (17049): 1 registers lost all their fanouts during netlist optimizations.
Info (16010): Generating hard_block partition "hard_block:auto_generated_inst"
    Info (16011): Adding 0 node(s), including 0 DDIO, 0 PLL, 0 transceiver and 0 LCELL
Info (21057): Implemented 746 device resources after synthesis - the final resource count might be different
    Info (21058): Implemented 3 input pins
    Info (21059): Implemented 30 output pins
    Info (21061): Implemented 696 logic cells
    Info (21064): Implemented 17 RAM segments
Info: Quartus II 64-Bit Analysis & Synthesis was successful. 0 errors, 9 warnings
    Info: Peak virtual memory: 670 megabytes
    Info: Processing ended: Thu Sep 21 12:31:30 2023
    Info: Elapsed time: 00:00:05
    Info: Total CPU time (on all processors): 00:00:05


